  UserInputManager.cpp
c:\program files (x86)\microsoft visual studio\2017\community\vc\tools\msvc\14.16.27023\include\utility(173): warning C4244: 'initializing': conversion from '_Ty' to '_Ty2', possible loss of data
          with
          [
              _Ty=int
          ]
          and
          [
              _Ty2=float
          ]
  c:\users\juraj\source\repos\scapegameengine\scapegameengine\userinputmanager.cpp(51): note: see reference to function template instantiation 'std::pair<const _Kty,_Ty>::pair<const char(&)[2],int,0>(_Other1,_Other2 &&) noexcept(false)' being compiled
          with
          [
              _Kty=std::string,
              _Ty=float,
              _Other1=const char (&)[2],
              _Other2=int
          ]
  c:\users\juraj\source\repos\scapegameengine\scapegameengine\userinputmanager.cpp(44): note: see reference to function template instantiation 'std::pair<const _Kty,_Ty>::pair<const char(&)[2],int,0>(_Other1,_Other2 &&) noexcept(false)' being compiled
          with
          [
              _Kty=std::string,
              _Ty=float,
              _Other1=const char (&)[2],
              _Other2=int
          ]
  ScapeGameEngine.vcxproj -> C:\Users\Juraj\source\repos\ScapeGameEngine\x64\Debug\ScapeGameEngine.exe
