c:\users\juraj\source\repos\sge\scapegameengine\x64\debug\vc142.pdb
c:\users\juraj\source\repos\sge\scapegameengine\x64\debug\vc142.idb
c:\users\juraj\source\repos\sge\scapegameengine\x64\debug\glad.nativecodeanalysis.sarif
c:\users\juraj\source\repos\sge\scapegameengine\x64\debug\glad.nativecodeanalysis.xml
c:\users\juraj\source\repos\sge\scapegameengine\x64\debug\glad.obj
c:\users\juraj\source\repos\sge\scapegameengine\x64\debug\texture.nativecodeanalysis.sarif
c:\users\juraj\source\repos\sge\scapegameengine\x64\debug\texture.nativecodeanalysis.xml
c:\users\juraj\source\repos\sge\scapegameengine\x64\debug\test.nativecodeanalysis.sarif
c:\users\juraj\source\repos\sge\scapegameengine\x64\debug\test.nativecodeanalysis.xml
c:\users\juraj\source\repos\sge\scapegameengine\x64\debug\staticobject.nativecodeanalysis.sarif
c:\users\juraj\source\repos\sge\scapegameengine\x64\debug\staticobject.nativecodeanalysis.xml
c:\users\juraj\source\repos\sge\scapegameengine\x64\debug\shaderprogram.nativecodeanalysis.sarif
c:\users\juraj\source\repos\sge\scapegameengine\x64\debug\shaderprogram.nativecodeanalysis.xml
c:\users\juraj\source\repos\sge\scapegameengine\x64\debug\shadermanager.nativecodeanalysis.sarif
c:\users\juraj\source\repos\sge\scapegameengine\x64\debug\shadermanager.nativecodeanalysis.xml
c:\users\juraj\source\repos\sge\scapegameengine\x64\debug\shader.nativecodeanalysis.sarif
c:\users\juraj\source\repos\sge\scapegameengine\x64\debug\shader.nativecodeanalysis.xml
c:\users\juraj\source\repos\sge\scapegameengine\x64\debug\scapeguiwindowwidgets.nativecodeanalysis.sarif
c:\users\juraj\source\repos\sge\scapegameengine\x64\debug\scapeguiwindowwidgets.nativecodeanalysis.xml
c:\users\juraj\source\repos\sge\scapegameengine\x64\debug\scapeguirendering.nativecodeanalysis.sarif
c:\users\juraj\source\repos\sge\scapegameengine\x64\debug\scapeguirendering.nativecodeanalysis.xml
c:\users\juraj\source\repos\sge\scapegameengine\x64\debug\scapeguiinit.nativecodeanalysis.sarif
c:\users\juraj\source\repos\sge\scapegameengine\x64\debug\scapeguiinit.nativecodeanalysis.xml
c:\users\juraj\source\repos\sge\scapegameengine\x64\debug\scapegui.nativecodeanalysis.sarif
c:\users\juraj\source\repos\sge\scapegameengine\x64\debug\scapegui.nativecodeanalysis.xml
c:\users\juraj\source\repos\sge\scapegameengine\x64\debug\renderer.nativecodeanalysis.sarif
c:\users\juraj\source\repos\sge\scapegameengine\x64\debug\renderer.nativecodeanalysis.xml
c:\users\juraj\source\repos\sge\scapegameengine\x64\debug\packedtexture.nativecodeanalysis.sarif
c:\users\juraj\source\repos\sge\scapegameengine\x64\debug\packedtexture.nativecodeanalysis.xml
c:\users\juraj\source\repos\sge\scapegameengine\x64\debug\object.nativecodeanalysis.sarif
c:\users\juraj\source\repos\sge\scapegameengine\x64\debug\object.nativecodeanalysis.xml
c:\users\juraj\source\repos\sge\scapegameengine\x64\debug\scapegameengine.tlog\cl.command.1.tlog
c:\users\juraj\source\repos\sge\scapegameengine\x64\debug\scapegameengine.tlog\cl.read.1.tlog
c:\users\juraj\source\repos\sge\scapegameengine\x64\debug\scapegameengine.tlog\cl.write.1.tlog
